TURNPROF: start index -1 found
TURNPROF: start index -1 found
TURNPROF: start index -1 found
TURNPROF: start index -1 saved
TURNPROF: start index -1 found
TURNPROF: start index -1 found
TURNPROF: start index -1 saved
TURNPROF: start index -1 found
TURNPROF: start index -1 found
TURNPROF: start index -1 found
TURNPROF: start index -1 found
TURNPROF: start index -1 found
TURNPROF: start index -1 found
TURNPROF: start index -1 saved
TURNPROF: start index -1 found
TURNPROF: start index -1 found
TURNPROF: start index -1 saved
TURNPROF: start index -1 found
TURNPROF: start index -1 found
TURNPROF: start index -1 found
TURNPROF: start index -1 found
TURNPROF: start index -1 found
TURNPROF: start index -1 found
TURNPROF: start index -1 found
TURNPROF: start index -1 saved
TURNPROF:   end index 8 saved
TURNPROF: start index 0 saved
TURNPROF: start index 0 found
TURNPROF: start index 0 found
TURNPROF: start index 0 found
TURNPROF: start index 0 found
TURNPROF:   end index 8 found
TURNPROF: start index -1 found
TURNPROF: start index -1 found
TURNPROF: start index -1 found
TURNPROF: start index -1 found
TURNPROF: start index -1 found
TURNPROF:   end index 18 saved
TURNPROF: start index 3 saved
TURNPROF: start index 3 found
TURNPROF:   end index 18 found
TURNPROF:   end index 3 saved
TURNPROF: start index 18 saved
TURNPROF: start index 18 found
TURNPROF: start index 18 found
TURNPROF: start index 18 found
TURNPROF: start index 18 found
TURNPROF:   end index 3 found
TURNPROF: start index -1 saved
TURNPROF: start index -1 found
TURNPROF: start index -1 found
TURNPROF: start index -1 found
TURNPROF: start index -1 found
TURNPROF: start index -1 found
TURNPROF: start index -1 found
TURNPROF: start index -1 found
TURNPROF: start index -1 saved
TURNPROF:   end index 0 saved
TURNPROF: start index 0 saved
TURNPROF: start index 0 found
TURNPROF: start index 0 found
TURNPROF: start index 0 found
TURNPROF: start index 0 found
TURNPROF:   end index 0 found
TURNPROF: start index 0 found
TURNPROF:   end index 0 found
TURNPROF: start index 0 found
TURNPROF: start index 0 found
TURNPROF:   end index 0 found
TURNPROF: start index 0 found
TURNPROF: start index 0 found
TURNPROF: start index 0 found
TURNPROF: start index 0 found
TURNPROF:   end index 0 found
TURNPROF: start index 0 found
TURNPROF: start index 0 found
TURNPROF:   end index 0 found
TURNPROF: start index 0 found
TURNPROF: start index 0 found
TURNPROF: start index 0 found
TURNPROF:   end index 8 found
TURNPROF: start index 0 found
TURNPROF: start index 0 found
TURNPROF:   end index 8 found
TURNPROF: start index 0 found
TURNPROF: start index 0 found
TURNPROF: start index 0 found
TURNPROF: start index 0 found
TURNPROF: start index 0 found
TURNPROF: start index 0 found
TURNPROF: start index 0 found
TURNPROF:   end index 8 found
TURNPROF: start index 0 found
TURNPROF: start index 0 found
TURNPROF:   end index 8 found
TURNPROF: start index -1 found
TURNPROF: start index -1 found
TURNPROF: start index -1 found
TURNPROF: start index -1 found
TURNPROF: start index -1 found
TURNPROF:   end index 18 saved
TURNPROF: start index 3 saved
TURNPROF: start index 3 found
TURNPROF:   end index 18 found
TURNPROF:   end index 3 saved
TURNPROF: start index 18 saved
TURNPROF: start index 18 found
TURNPROF: start index 18 found
TURNPROF: start index 18 found
TURNPROF: start index 18 found
TURNPROF:   end index 3 found
TURNPROF: start index -1 saved
TURNPROF: start index -1 found
TURNPROF: start index -1 found
TURNPROF: start index -1 found
TURNPROF: start index -1 saved
TURNPROF: start index -1 found
TURNPROF: start index -1 found
TURNPROF: start index -1 found
TURNPROF: start index -1 found
TURNPROF: start index -1 found
TURNPROF:   end index 0 saved
TURNPROF: start index 0 saved
TURNPROF: start index 0 found
TURNPROF: start index 0 found
TURNPROF: start index 0 found
TURNPROF: start index 0 found
TURNPROF:   end index 0 found
TURNPROF: start index -1 saved
TURNPROF: start index -1 found
TURNPROF: start index -1 found
TURNPROF: start index -1 found
TURNPROF: start index -1 found
TURNPROF: start index -1 found
TURNPROF:   end index 1 saved
TURNPROF: start index 0 saved
TURNPROF: start index 0 found
TURNPROF: start index 0 found
TURNPROF: start index 0 found
TURNPROF: start index 0 found
TURNPROF:   end index 1 found
TURNPROF: start index -1 found
TURNPROF: start index -1 found
TURNPROF: start index -1 found
TURNPROF: start index -1 found
TURNPROF: start index -1 found
TURNPROF:   end index 18 saved
TURNPROF: start index 3 saved
TURNPROF: start index 3 found
TURNPROF:   end index 18 found
TURNPROF:   end index 3 saved
TURNPROF: start index 18 saved
TURNPROF: start index 18 found
TURNPROF: start index 18 found
TURNPROF: start index 18 found
TURNPROF: start index 18 found
TURNPROF:   end index 3 found
TURNPROF: start index -1 saved
TURNPROF: start index -1 found
TURNPROF: start index -1 found
TURNPROF: start index -1 found
TURNPROF: start index -1 saved
TURNPROF: start index -1 found
TURNPROF: start index -1 found
TURNPROF: start index -1 found
TURNPROF: start index -1 found
TURNPROF: start index -1 found
TURNPROF:   end index 0 saved
TURNPROF: start index 0 saved
TURNPROF: start index 0 found
TURNPROF: start index 0 found
TURNPROF: start index 0 found
TURNPROF: start index 0 found
TURNPROF:   end index 0 found
TURNPROF: start index -1 saved
TURNPROF: start index -1 found
TURNPROF: start index -1 found
TURNPROF: start index -1 found
TURNPROF: start index -1 found
TURNPROF: start index -1 found
TURNPROF:   end index 0 saved
TURNPROF: start index 0 saved
TURNPROF: start index 0 found
TURNPROF:   end index 0 found
TURNPROF:   end index 0 saved
TURNPROF: start index 0 saved
TURNPROF: start index 0 found
TURNPROF: start index 0 found
TURNPROF: start index 0 found
TURNPROF: start index 0 found
TURNPROF:   end index 0 found
TURNPROF: start index -1 saved
TURNPROF: start index -1 found
TURNPROF: start index -1 found
TURNPROF: start index -1 found
TURNPROF: start index -1 found
TURNPROF: start index -1 found
TURNPROF:   end index 0 saved
TURNPROF: start index 0 saved
TURNPROF: start index 0 found
TURNPROF: start index 0 found
TURNPROF: start index 0 found
TURNPROF: start index 0 found
TURNPROF:   end index 0 found
TURNPROF: start index -1 saved
TURNPROF: start index -1 found
TURNPROF: start index -1 found
TURNPROF: start index -1 found
TURNPROF: start index -1 found
TURNPROF: start index -1 found
TURNPROF:   end index 1 saved
TURNPROF: start index 0 saved
TURNPROF: start index 0 found
TURNPROF: start index 0 found
TURNPROF: start index 0 found
TURNPROF: start index 0 found
TURNPROF:   end index 1 found
TURNPROF: start index -1 found
TURNPROF: start index -1 found
TURNPROF: start index -1 found
TURNPROF: start index -1 found
TURNPROF: start index -1 found
TURNPROF:   end index 18 saved
TURNPROF: start index 3 saved
TURNPROF: start index 3 found
TURNPROF:   end index 18 found
TURNPROF:   end index 3 saved
TURNPROF: start index 18 saved
TURNPROF: start index 18 found
TURNPROF: start index 18 found
TURNPROF: start index 18 found
TURNPROF: start index 18 found
TURNPROF:   end index 3 found
TURNPROF: start index -1 saved
TURNPROF: start index -1 found
TURNPROF: start index -1 found
TURNPROF: start index -1 found
TURNPROF: start index -1 saved
TURNPROF: start index -1 found
TURNPROF: start index -1 found
TURNPROF: start index -1 found
TURNPROF: start index -1 found
TURNPROF: start index -1 found
TURNPROF:   end index 0 saved
TURNPROF: start index 0 saved
TURNPROF: start index 0 found
TURNPROF: start index 0 found
TURNPROF: start index 0 found
TURNPROF: start index 0 found
TURNPROF:   end index 0 found
TURNPROF: start index -1 saved
TURNPROF: start index -1 found
TURNPROF: start index -1 found
TURNPROF: start index -1 found
TURNPROF: start index -1 found
TURNPROF: start index -1 found
TURNPROF:   end index 1 saved
TURNPROF: start index 0 saved
TURNPROF: start index 0 found
TURNPROF: start index 0 found
TURNPROF: start index 0 found
TURNPROF: start index 0 found
TURNPROF:   end index 1 found
TURNPROF: start index 0 found
TURNPROF:   end index 1 found
TURNPROF:   end index 0 saved
TURNPROF: start index 1 saved
TURNPROF: start index 1 found
TURNPROF: start index 1 found
TURNPROF: start index 1 found
TURNPROF: start index 1 found
TURNPROF:   end index 0 found
TURNPROF: start index 1 found
TURNPROF:   end index 0 found
TURNPROF:   end index 1 saved
TURNPROF: start index 0 saved
TURNPROF: start index 0 found
TURNPROF: start index 0 found
TURNPROF: start index 0 found
TURNPROF: start index 0 found
TURNPROF:   end index 1 found
TURNPROF: start index 0 found
TURNPROF:   end index 8 found
TURNPROF: start index 0 found
TURNPROF: start index 0 found
TURNPROF:   end index 8 found
TURNPROF: start index 0 found
TURNPROF: start index 0 found
TURNPROF: start index 0 found
TURNPROF: start index 0 found
TURNPROF: start index 0 found
TURNPROF: start index 0 found
TURNPROF: start index 0 found
TURNPROF:   end index 9 saved
TURNPROF: start index 0 saved
TURNPROF: start index 0 found
TURNPROF: start index 0 found
TURNPROF: start index 0 found
TURNPROF: start index 0 found
TURNPROF:   end index 9 found
TURNPROF: start index 0 found
TURNPROF:   end index 9 found
TURNPROF: start index 0 found
TURNPROF: start index 0 found
TURNPROF:   end index 9 found
TURNPROF: start index 0 found
TURNPROF: start index 0 found
TURNPROF: start index 0 found
TURNPROF: start index 0 found
TURNPROF: start index 0 found
TURNPROF: start index 0 found
TURNPROF: start index 0 found
TURNPROF:   end index 9 found
TURNPROF: start index 0 found
TURNPROF: start index 0 found
TURNPROF:   end index 9 found
TURNPROF: start index 0 found
TURNPROF:   end index 9 found
TURNPROF: start index 0 found
TURNPROF: start index 0 found
TURNPROF:   end index 9 found
TURNPROF: start index 0 found
TURNPROF: start index 0 found
TURNPROF: start index 0 found
TURNPROF: start index 0 found
TURNPROF:   end index 9 found
TURNPROF: start index 0 found
TURNPROF: start index 0 found
TURNPROF:   end index 9 found
TURNPROF: start index 0 found
TURNPROF: start index 0 found
TURNPROF: start index 0 found
TURNPROF: start index 0 found
TURNPROF:   end index 0 found
TURNPROF: start index 0 found
TURNPROF: start index 0 found
TURNPROF:   end index 0 found
TURNPROF: start index 0 found
TURNPROF: start index 0 found
TURNPROF: start index 0 found
TURNPROF: start index 0 found
TURNPROF:   end index 0 found
TURNPROF: start index 0 found
TURNPROF: start index 0 found
TURNPROF:   end index 0 found
TURNPROF: start index 0 found
TURNPROF: start index 0 found
TURNPROF: start index 0 found
TURNPROF: start index 0 found
TURNPROF:   end index 9 found
TURNPROF: start index 0 found
TURNPROF: start index 0 found
TURNPROF:   end index 9 found
TURNPROF: start index 0 found
TURNPROF: start index 0 found
TURNPROF: start index 0 found
TURNPROF: start index -1 found
TURNPROF: start index -1 found
TURNPROF: start index -1 found
TURNPROF: start index -1 found
TURNPROF: start index -1 found
TURNPROF:   end index 18 saved
TURNPROF: start index 3 saved
TURNPROF: start index 3 found
TURNPROF:   end index 18 found
TURNPROF:   end index 3 saved
TURNPROF: start index 18 saved
TURNPROF: start index 18 found
TURNPROF: start index 18 found
TURNPROF: start index 18 found
TURNPROF: start index 18 found
TURNPROF:   end index 3 found
TURNPROF: start index -1 saved
TURNPROF: start index -1 found
TURNPROF: start index -1 found
TURNPROF: start index -1 found
TURNPROF: start index -1 saved
TURNPROF: start index -1 found
TURNPROF: start index -1 found
TURNPROF: start index -1 found
TURNPROF: start index -1 found
TURNPROF: start index -1 found
TURNPROF:   end index 0 saved
TURNPROF: start index 0 saved
TURNPROF: start index 0 found
TURNPROF: start index 0 found
TURNPROF: start index 0 found
TURNPROF: start index 0 found
TURNPROF:   end index 0 found
TURNPROF: start index -1 saved
TURNPROF: start index -1 found
TURNPROF: start index -1 found
TURNPROF: start index -1 found
TURNPROF: start index -1 found
TURNPROF: start index -1 found
TURNPROF:   end index 0 saved
TURNPROF: start index 0 saved
TURNPROF: start index 0 found
TURNPROF:   end index 0 found
TURNPROF:   end index 0 saved
TURNPROF: start index 0 saved
TURNPROF: start index 0 found
TURNPROF: start index 0 found
TURNPROF: start index 0 found
TURNPROF: start index 0 found
TURNPROF:   end index 0 found
TURNPROF: start index -1 saved
TURNPROF: start index -1 found
TURNPROF: start index -1 found
TURNPROF: start index -1 found
TURNPROF: start index -1 found
TURNPROF: start index -1 found
TURNPROF:   end index 0 saved
TURNPROF: start index 0 saved
TURNPROF: start index 0 found
TURNPROF: start index 0 found
TURNPROF: start index 0 found
TURNPROF: start index 0 found
TURNPROF:   end index 0 found
TURNPROF: start index -1 saved
TURNPROF: start index -1 found
TURNPROF: start index -1 found
TURNPROF: start index -1 found
TURNPROF: start index -1 found
TURNPROF: start index -1 found
TURNPROF:   end index 1 saved
TURNPROF: start index 0 saved
TURNPROF: start index 0 found
TURNPROF: start index 0 found
TURNPROF: start index 0 found
TURNPROF: start index 0 found
TURNPROF:   end index 1 found
TURNPROF: start index -1 found
TURNPROF: start index -1 found
TURNPROF: start index -1 found
TURNPROF: start index -1 found
TURNPROF: start index -1 found
TURNPROF:   end index 18 saved
TURNPROF: start index 3 saved
TURNPROF: start index 3 found
TURNPROF:   end index 18 found
TURNPROF:   end index 3 saved
TURNPROF: start index 18 saved
TURNPROF: start index 18 found
TURNPROF: start index 18 found
TURNPROF: start index 18 found
TURNPROF: start index 18 found
TURNPROF:   end index 3 found
TURNPROF: start index -1 saved
TURNPROF: start index -1 found
TURNPROF: start index -1 found
TURNPROF: start index -1 found
TURNPROF: start index -1 found
TURNPROF: start index -1 found
TURNPROF: start index -1 found
TURNPROF: start index -1 saved
TURNPROF:   end index 9 saved
TURNPROF: start index 0 saved
TURNPROF: start index 0 found
TURNPROF: start index 0 found
TURNPROF: start index 0 found
TURNPROF: start index 0 found
TURNPROF:   end index 9 found
TURNPROF: start index -1 found
TURNPROF: start index -1 found
TURNPROF: start index -1 found
TURNPROF: start index -1 found
TURNPROF: start index -1 found
TURNPROF:   end index 18 saved
TURNPROF: start index 3 saved
TURNPROF: start index 3 found
TURNPROF:   end index 18 found
TURNPROF:   end index 3 saved
TURNPROF: start index 18 saved
TURNPROF: start index 18 found
TURNPROF: start index 18 found
TURNPROF: start index 18 found
TURNPROF: start index 18 found
TURNPROF:   end index 3 found
TURNPROF: start index -1 saved
TURNPROF: start index -1 found
TURNPROF: start index -1 found
TURNPROF: start index -1 found
TURNPROF: start index -1 found
TURNPROF: start index -1 found
TURNPROF: start index -1 found
TURNPROF: start index -1 found
TURNPROF: start index -1 saved
TURNPROF:   end index 10 saved
TURNPROF: start index 0 saved
TURNPROF: start index 0 found
TURNPROF: start index 0 found
TURNPROF: start index 0 found
TURNPROF: start index 0 found
TURNPROF:   end index 10 found
TURNPROF: start index -1 found
TURNPROF: start index -1 found
TURNPROF: start index -1 found
TURNPROF: start index -1 found
TURNPROF: start index -1 found
TURNPROF:   end index 18 saved
TURNPROF: start index 3 saved
TURNPROF: start index 3 found
TURNPROF:   end index 18 found
TURNPROF:   end index 3 saved
TURNPROF: start index 18 saved
TURNPROF: start index 18 found
TURNPROF: start index 18 found
TURNPROF: start index 18 found
TURNPROF: start index 18 found
TURNPROF:   end index 3 found
TURNPROF: start index -1 saved
TURNPROF: start index -1 found
TURNPROF: start index -1 found
TURNPROF: start index -1 found
TURNPROF: start index -1 found
TURNPROF: start index -1 found
TURNPROF: start index -1 found
TURNPROF: start index -1 saved
TURNPROF:   end index 10 saved
TURNPROF: start index 0 saved
TURNPROF: start index 0 found
TURNPROF: start index 0 found
TURNPROF: start index 0 found
TURNPROF: start index 0 found
TURNPROF:   end index 10 found
TURNPROF: start index 0 found
TURNPROF: start index 0 found
TURNPROF: start index 0 found
TURNPROF: start index 0 found
TURNPROF:   end index 9 saved
TURNPROF: start index 0 saved
TURNPROF: start index 0 found
TURNPROF: start index 0 found
TURNPROF: start index 0 found
TURNPROF: start index 0 found
TURNPROF:   end index 9 found
TURNPROF: start index -1 found
TURNPROF: start index -1 found
TURNPROF: start index -1 found
TURNPROF: start index -1 found
TURNPROF: start index -1 found
TURNPROF:   end index 18 saved
TURNPROF: start index 3 saved
TURNPROF: start index 3 found
TURNPROF:   end index 18 found
TURNPROF:   end index 3 saved
TURNPROF: start index 18 saved
TURNPROF: start index 18 found
TURNPROF: start index 18 found
TURNPROF: start index 18 found
TURNPROF: start index 18 found
TURNPROF:   end index 3 found
TURNPROF: start index -1 saved
TURNPROF: start index -1 found
TURNPROF: start index -1 found
TURNPROF: start index -1 found
TURNPROF: start index -1 found
TURNPROF: start index -1 found
TURNPROF: start index -1 found
TURNPROF: start index -1 found
TURNPROF: start index -1 saved
TURNPROF:   end index 11 saved
TURNPROF: start index 0 saved
TURNPROF: start index 0 found
TURNPROF: start index 0 found
TURNPROF: start index 0 found
TURNPROF: start index 0 found
TURNPROF:   end index 11 found
welcome_to_vericut: Error in loading VERICUT DLL
