TURNPROF: start index 0 found
TURNPROF:   end index 4 found
TURNPROF: start index 0 found
TURNPROF: start index 0 found
TURNPROF:   end index 4 found
TURNPROF: start index 0 found
TURNPROF: start index 0 found
TURNPROF: start index 0 found
TURNPROF: start index 0 found
TURNPROF: start index 0 found
TURNPROF: start index 0 found
TURNPROF: start index 0 found
TURNPROF:   end index 4 found
TURNPROF: start index 0 found
TURNPROF: start index 0 found
TURNPROF:   end index 4 found
TURNPROF: start index 0 found
TURNPROF:   end index 4 found
TURNPROF:   end index 0 saved
TURNPROF: start index 4 saved
TURNPROF: start index 4 found
TURNPROF: start index 4 found
TURNPROF: start index 4 found
TURNPROF: start index 4 found
TURNPROF:   end index 0 found
TURNPROF: start index 4 found
TURNPROF: start index 4 found
TURNPROF: start index 4 found
TURNPROF: start index 4 found
TURNPROF: start index -1 saved
TURNPROF:   end index 4 saved
TURNPROF: start index 0 saved
TURNPROF: start index 0 found
TURNPROF: start index 0 found
TURNPROF: start index 0 found
TURNPROF: start index 0 found
TURNPROF:   end index 4 found
TURNPROF: start index 0 found
TURNPROF:   end index 4 found
TURNPROF:   end index 0 saved
TURNPROF: start index 4 saved
TURNPROF: start index 4 found
TURNPROF: start index 4 found
TURNPROF: start index 4 found
TURNPROF: start index 4 found
TURNPROF:   end index 0 found
TURNPROF: start index 4 found
TURNPROF:   end index 0 found
TURNPROF:   end index 4 saved
TURNPROF: start index 0 saved
TURNPROF: start index 0 found
TURNPROF: start index 0 found
TURNPROF: start index 0 found
TURNPROF: start index 0 found
TURNPROF:   end index 4 found
TURNPROF: start index 0 found
TURNPROF:   end index 4 found
TURNPROF:   end index 0 saved
TURNPROF: start index 4 saved
TURNPROF: start index 4 found
TURNPROF: start index 4 found
TURNPROF: start index 4 found
TURNPROF: start index 4 found
TURNPROF:   end index 0 found
TURNPROF: start index 4 found
TURNPROF:   end index 0 found
TURNPROF:   end index 4 saved
TURNPROF: start index 0 saved
TURNPROF: start index 0 found
TURNPROF: start index 0 found
TURNPROF: start index 0 found
TURNPROF: start index 0 found
TURNPROF:   end index 4 found
TURNPROF: start index 0 found
TURNPROF:   end index 4 found
TURNPROF:   end index 0 saved
TURNPROF: start index 4 saved
TURNPROF: start index 4 found
TURNPROF: start index 4 found
TURNPROF: start index 4 found
TURNPROF: start index 4 found
TURNPROF:   end index 0 found
TURNPROF: start index 4 found
TURNPROF:   end index 0 found
TURNPROF:   end index 4 saved
TURNPROF: start index 0 saved
TURNPROF: start index 0 found
TURNPROF: start index 0 found
TURNPROF: start index 0 found
TURNPROF: start index 0 found
TURNPROF:   end index 4 found
TURNPROF: start index 0 found
TURNPROF:   end index 4 found
TURNPROF:   end index 0 saved
TURNPROF: start index 4 saved
TURNPROF: start index 4 found
TURNPROF: start index 4 found
TURNPROF: start index 4 found
TURNPROF: start index 4 found
TURNPROF:   end index 0 found
TURNPROF: start index 4 found
TURNPROF:   end index 0 found
TURNPROF:   end index 4 saved
TURNPROF: start index 0 saved
TURNPROF: start index 0 found
TURNPROF: start index 0 found
TURNPROF: start index 0 found
TURNPROF: start index 0 found
TURNPROF:   end index 4 found
TURNPROF: start index 0 found
TURNPROF:   end index 4 found
TURNPROF: start index 0 found
TURNPROF: start index 0 found
TURNPROF:   end index 4 found
TURNPROF: start index 0 found
TURNPROF: start index 0 found
TURNPROF: start index 0 found
