-------------------------------------------------
The trace creation timestamp is: Wed Sep 27 13:45:24 17
The executable build timestamp is: Tue Jun 20 03:13:28 17
The datecode is: 2017110
The pro machine type is: x86e_win64
The process ID is: 2056
The traceback type is : CRASH
The logger exit status is: 00003
-------------------------------------------------
Exception EXCEPTION_ACCESS_VIOLATION has occurred in the thread 3052.

Main Thread 3052
=====================
0x00007FF7A2C20A3F	NULL (NULL:0) (xtop:0x00007FF79CB20000) ( 0xac765648, 0x90, 0xac765648, 0x90 ) 
0x00007FF79F0DB2C7	NULL (NULL:0) (xtop:0x00007FF79CB20000) ( 0x2, 0xac765648, 0xffffffff, 0x9edba5ac ) 
0x00007FF7A1436288	NULL (NULL:0) (xtop:0x00007FF79CB20000) ( 0x29b0, 0xffffffff, 0x4, 0x2 ) 
0x00007FF7A2CA089D	NULL (NULL:0) (xtop:0x00007FF79CB20000) ( 0xac765648, 0x0, 0x32, 0x59cc0de4 ) 
0x00007FF7A2CD6776	NULL (NULL:0) (xtop:0x00007FF79CB20000) ( 0x0, 0x0, 0x0, 0x0 ) 
0x00007FFB68CBFDAB	NULL (NULL:0) (coretools_sh:0x00007FFB68C20000) ( 0x3e9, 0xf66b7230, 0xa2cd4f50, 0x0 ) 
0x00007FF7A2CD4FC6	NULL (NULL:0) (xtop:0x00007FF79CB20000) ( 0xf66b7230, 0xfc8a4be0, 0x0, 0x1 ) 
0x00007FF7A2493BD8	NULL (NULL:0) (xtop:0x00007FF79CB20000) ( 0x4, 0x0, 0x0, 0x6 ) 
0x00007FF79F108EEC	NULL (NULL:0) (xtop:0x00007FF79CB20000) ( 0xac765648, 0xf908cf70, 0x0, 0x0 ) 
0x00007FF79F109759	NULL (NULL:0) (xtop:0x00007FF79CB20000) ( 0x59cc0de4, 0xa7d7a620, 0x10, 0xac765648 ) 
0x00007FFB68CBFDAB	NULL (NULL:0) (coretools_sh:0x00007FFB68C20000) ( 0x0, 0x3e9, 0x1, 0xf90f0000 ) 
0x00007FF79F10CF29	NULL (NULL:0) (xtop:0x00007FF79CB20000) ( 0x0, 0xabbecb50, 0x1, 0x67f8fdab ) 
0x00007FF79F108C62	NULL (NULL:0) (xtop:0x00007FF79CB20000) ( 0x0, 0x0, 0x3e9, 0x1 ) 
0x00007FF79DFD0DD4	NULL (NULL:0) (xtop:0x00007FF79CB20000) ( 0xa050bfc0, 0x0, 0x0, 0x0 ) 
0x00007FF79DFE545B	NULL (NULL:0) (xtop:0x00007FF79CB20000) ( 0xa050fdd8, 0xffffffff, 0xf66b7c40, 0xac765648 ) 
0x00007FF79DFAD018	NULL (NULL:0) (xtop:0x00007FF79CB20000) ( 0xf66b9a18, 0xa0, 0x0, 0x0 ) 
0x00007FF79DFB8E79	NULL (NULL:0) (xtop:0x00007FF79CB20000) ( 0x1, 0xf66b9a18, 0x2e, 0x0 ) 
0x00007FF79DFB845B	NULL (NULL:0) (xtop:0x00007FF79CB20000) ( 0x0, 0x1, 0xf66b8760, 0x1 ) 
0x00007FF79DFB9903	NULL (NULL:0) (xtop:0x00007FF79CB20000) ( 0x1, 0xf66b9b3c, 0x0, 0xf66b9a09 ) 
0x00007FF79DFCB241	NULL (NULL:0) (xtop:0x00007FF79CB20000) ( 0x0, 0xf908cf70, 0xf66bd3d0, 0x0 ) 
0x00007FF79DFCB3E4	NULL (NULL:0) (xtop:0x00007FF79CB20000) ( 0x0, 0x9ffa49c8, 0xf908cf70, 0x0 ) 
0x00007FF7A181CEDA	NULL (NULL:0) (xtop:0x00007FF79CB20000) ( 0x0, 0x0, 0xf66bc020, 0x225 ) 
0x00007FF7A1824CF5	NULL (NULL:0) (xtop:0x00007FF79CB20000) ( 0xf908cf70, 0x0, 0x0, 0xf66bbe20 ) 
0x00007FF79D950C9A	NULL (NULL:0) (xtop:0x00007FF79CB20000) ( 0x2, 0x2, 0x1000, 0x225 ) 
0x00007FF79D950649	NULL (NULL:0) (xtop:0x00007FF79CB20000) ( 0x0, 0x0, 0x1, 0x0 ) 
0x00007FF79D78E8BC	NULL (NULL:0) (xtop:0x00007FF79CB20000) ( 0x800004, 0x83caa760, 0x0, 0x83cae150 ) 
0x00007FFB686A6A7E	NULL (NULL:0) (libui_sh:0x00007FFB68440000) ( 0x0, 0x1000011, 0x20343e, 0xf66bdb69 ) 
0x00007FFB685DCB2F	NULL (NULL:0) (libui_sh:0x00007FFB68440000) ( 0x83caa760, 0x1000011, 0x89fdeb10, 0xa2c0341e ) 
0x00007FF7A249F068	NULL (NULL:0) (xtop:0x00007FF79CB20000) ( 0xf66bdda0, 0x0, 0xf66bdf40, 0x0 ) 
0x00007FF7A249A9B9	NULL (NULL:0) (xtop:0x00007FF79CB20000) ( 0xf66be010, 0xf66be160, 0x0, 0xffffffff ) 
0x00007FF7A2BF96C2	NULL (NULL:0) (xtop:0x00007FF79CB20000) ( 0x0, 0x0, 0x0, 0x2f ) 
0x00007FF7A2BFCDE4	NULL (NULL:0) (xtop:0x00007FF79CB20000) ( 0x17, 0xf66be160, 0xf66be0b0, 0x17 ) 
0x00007FF7A2BF9D34	NULL (NULL:0) (xtop:0x00007FF79CB20000) ( 0x1, 0x0, 0x17, 0x2f ) 
0x00007FF7A2C05367	NULL (NULL:0) (xtop:0x00007FF79CB20000) ( 0x1, 0x17, 0xf66be400, 0xa7e52090 ) 
0x00007FF7A2BFEB74	NULL (NULL:0) (xtop:0x00007FF79CB20000) ( 0x0, 0x0, 0x0, 0x0 ) 
0x00007FFB68CBFDAB	NULL (NULL:0) (coretools_sh:0x00007FFB68C20000) ( 0x0, 0x20, 0x1000011, 0x0 ) 
0x00007FF7A2C05118	NULL (NULL:0) (xtop:0x00007FF79CB20000) ( 0x0, 0xf908cf70, 0x20, 0xf908cf70 ) 
0x00007FF79DA7187F	NULL (NULL:0) (xtop:0x00007FF79CB20000) ( 0x1000011, 0xf908cf70, 0x1000011, 0x20 ) 
0x00007FF79D73D894	NULL (NULL:0) (xtop:0x00007FF79CB20000) ( 0x0, 0xf66be5a0, 0x1, 0x0 ) 
0x00007FF79D77DD8D	NULL (NULL:0) (xtop:0x00007FF79CB20000) ( 0xf908cf70, 0x230, 0xf908cf70, 0x0 ) 
0x00007FF79D79F033	NULL (NULL:0) (xtop:0x00007FF79CB20000) ( 0xf66bec60, 0x0, 0x0, 0xa7bc37f8 ) 
0x00007FF79D7BE356	NULL (NULL:0) (xtop:0x00007FF79CB20000) ( 0x0, 0x0, 0xf, 0x0 ) 
0x00007FF79D7BEC46	NULL (NULL:0) (xtop:0x00007FF79CB20000) ( 0xf66bec60, 0xf66bec48, 0xf66bec44, 0x671edd27 ) 
0x00007FF79D73CD22	NULL (NULL:0) (xtop:0x00007FF79CB20000) ( 0x8ca14558, 0x0, 0x0, 0x3e9 ) 
0x00007FF79D7A2187	NULL (NULL:0) (xtop:0x00007FF79CB20000) ( 0x1, 0x8ca14558, 0x3e9, 0x8ca14558 ) 
0x00007FF79D798C62	NULL (NULL:0) (xtop:0x00007FF79CB20000) ( 0x800004, 0x686e4120, 0x83d3b4f8, 0x0 ) 
0x00007FFB686A6A7E	NULL (NULL:0) (libui_sh:0x00007FFB68440000) ( 0x0, 0x100000f, 0x408c90, 0xf66bf039 ) 
0x00007FFB685DCB2F	NULL (NULL:0) (libui_sh:0x00007FFB68440000) ( 0x83d3b4f8, 0x100000f, 0x8b43a0c0, 0xa2c0341e ) 
0x00007FF7A249F068	NULL (NULL:0) (xtop:0x00007FF79CB20000) ( 0xf66bf270, 0x0, 0xf66bf530, 0x839b2098 ) 
0x00007FF7A249A9B9	NULL (NULL:0) (xtop:0x00007FF79CB20000) ( 0xf66bf430, 0xf66bf580, 0x839b2050, 0xffffffff ) 
0x00007FF7A2BF96C2	NULL (NULL:0) (xtop:0x00007FF79CB20000) ( 0x0, 0x839b2050, 0x839b2098, 0x0 ) 
0x00007FF7A2BF9DDE	NULL (NULL:0) (xtop:0x00007FF79CB20000) ( 0x0, 0x0, 0x26, 0x0 ) 
0x00007FF7A2C05367	NULL (NULL:0) (xtop:0x00007FF79CB20000) ( 0x1, 0x23, 0xf66bf820, 0xa7e52090 ) 
0x00007FF7A2BFEB74	NULL (NULL:0) (xtop:0x00007FF79CB20000) ( 0x7, 0xf67b0000, 0x0, 0x0 ) 
0x00007FFB68CBFDAB	NULL (NULL:0) (coretools_sh:0x00007FFB68C20000) ( 0xa798fc25, 0x0, 0x4, 0xa0ee03aa ) 
0x00007FF7A2C05118	NULL (NULL:0) (xtop:0x00007FF79CB20000) ( 0x0, 0x0, 0x0, 0x0 ) 
0x00007FF79D7BE846	NULL (NULL:0) (xtop:0x00007FF79CB20000) ( 0xac565ae0, 0x4, 0x0, 0x0 ) 
0x00007FF79D5E74AA	NULL (NULL:0) (xtop:0x00007FF79CB20000) ( 0xac565ae0, 0x0, 0x4, 0x4 ) 
0x00007FF7A4647F5A	NULL (NULL:0) (xtop:0x00007FF79CB20000) ( 0x1, 0xf66bf930, 0xac565ae0, 0x9cab6000 ) 
0x00007FF7A4647E7C	NULL (NULL:0) (xtop:0x00007FF79CB20000) ( 0xa, 0x9cab6000, 0x9cab6000, 0x9cab6000 ) 
0x00007FF7A4644437	NULL (NULL:0) (xtop:0x00007FF79CB20000) ( 0xa46444c8, 0x0, 0x0, 0x0 ) 
0x00007FFB840C2D92	NULL (NULL:0) (KERNEL32:0x00007FFB840B0000) ( 0x840c2d70, 0x0, 0x0, 0x0 ) 

Thread 4252
=====================
0x00007FFB86593DDA	NULL (NULL:0) (ntdll:0x00007FFB86500000) ( 0x219, 0x0, 0x0, 0x0 ) 
0x00007FFB83A2918F	NULL (NULL:0) (KERNELBASE:0x00007FFB839E0000) ( 0x60, 0x0, 0xfb72f930, 0x0 ) 
0x00007FFB83ECA3B2	NULL (NULL:0) (USER32:0x00007FFB83EB0000) ( 0xfae8df60, 0x682896d0, 0x0, 0x2 ) 
0x00007FFB68278162	NULL (NULL:0) (asyncoremt:0x00007FFB68240000) ( 0xfae7d100, 0xfae8df60, 0xfaf31ad0, 0x67f8cb72 ) 
0x00007FFB682720FE	NULL (NULL:0) (asyncoremt:0x00007FFB68240000) ( 0xfae8df60, 0xfaf31ad0, 0xfae7d158, 0x67f8b9e3 ) 
0x00007FFB68271E6A	NULL (NULL:0) (asyncoremt:0x00007FFB68240000) ( 0xf90f08b0, 0x0, 0xfaf31ad0, 0x0 ) 
0x00007FFB6827224F	NULL (NULL:0) (asyncoremt:0x00007FFB68240000) ( 0xfaf17c80, 0xf6971950, 0xf6971950, 0x0 ) 
0x00007FFB7ADC829D	NULL (NULL:0) (ucrtbase:0x00007FFB7AD60000) ( 0x7adc8240, 0xf6971950, 0x0, 0x0 ) 
0x00007FFB840C2D92	NULL (NULL:0) (KERNEL32:0x00007FFB840B0000) ( 0x840c2d70, 0x0, 0x0, 0x0 ) 

Thread 5348
=====================
0x00007FFB86593DDA	NULL (NULL:0) (ntdll:0x00007FFB86500000) ( 0x834088e0, 0x83c77850, 0x11, 0x11 ) 
0x00007FFB83A2918F	NULL (NULL:0) (KERNELBASE:0x00007FFB839E0000) ( 0xfaf2e478, 0x68272330, 0xfaf2e478, 0x10 ) 
0x00007FFB6824D336	NULL (NULL:0) (asyncoremt:0x00007FFB68240000) ( 0x0, 0xfaf2e478, 0xfbedf6b0, 0x83a33cff ) 
0x00007FFB6824CFF0	NULL (NULL:0) (asyncoremt:0x00007FFB68240000) ( 0xfaf2e478, 0x8b3844d6, 0x1, 0x370 ) 
0x00007FFB6824D05F	NULL (NULL:0) (asyncoremt:0x00007FFB68240000) ( 0x8b3844d6, 0x8b3844d6, 0x1, 0xfaf2e330 ) 
0x00007FFB682476A6	NULL (NULL:0) (asyncoremt:0x00007FFB68240000) ( 0x1, 0xfaf2e2e0, 0xfaede718, 0x0 ) 
0x00007FFB682781BB	NULL (NULL:0) (asyncoremt:0x00007FFB68240000) ( 0x0, 0x0, 0xfaed6fd0, 0x67f8cb72 ) 
0x00007FFB682720FE	NULL (NULL:0) (asyncoremt:0x00007FFB68240000) ( 0xfaf2e2e0, 0xfaf317b0, 0xfae7d158, 0x67f8b9e3 ) 
0x00007FFB68271E6A	NULL (NULL:0) (asyncoremt:0x00007FFB68240000) ( 0xf90f08b0, 0x0, 0xfaf317b0, 0x0 ) 
0x00007FFB6827224F	NULL (NULL:0) (asyncoremt:0x00007FFB68240000) ( 0xfaf18770, 0xf6971b90, 0xf6971b90, 0x0 ) 
0x00007FFB7ADC829D	NULL (NULL:0) (ucrtbase:0x00007FFB7AD60000) ( 0x7adc8240, 0xf6971b90, 0x0, 0x0 ) 
0x00007FFB840C2D92	NULL (NULL:0) (KERNEL32:0x00007FFB840B0000) ( 0x840c2d70, 0x0, 0x0, 0x0 ) 

Thread 5392
=====================
0x00007FFB86593DDA	NULL (NULL:0) (ntdll:0x00007FFB86500000) ( 0xf907ac40, 0x10, 0x0, 0x1050 ) 
0x00007FFB83A2918F	NULL (NULL:0) (KERNELBASE:0x00007FFB839E0000) ( 0x0, 0x0, 0xfaf31378, 0x10 ) 
0x00007FFB6824D336	NULL (NULL:0) (asyncoremt:0x00007FFB68240000) ( 0x0, 0xfaf31378, 0xfc68f5c0, 0x0 ) 
0x00007FFB6824CFF0	NULL (NULL:0) (asyncoremt:0x00007FFB68240000) ( 0xfaf31378, 0x8ba82abb, 0x1, 0x1 ) 
0x00007FFB6824D05F	NULL (NULL:0) (asyncoremt:0x00007FFB68240000) ( 0x8ba82abb, 0x8ba82abb, 0x8cd94c60, 0xfaf31228 ) 
0x00007FFB682476A6	NULL (NULL:0) (asyncoremt:0x00007FFB68240000) ( 0x1, 0xfaf31100, 0x1, 0x8cd94c60 ) 
0x00007FFB6827822B	NULL (NULL:0) (asyncoremt:0x00007FFB68240000) ( 0xfaeecce0, 0x67f99d86, 0xfaede218, 0x4 ) 
0x00007FFB682729E4	NULL (NULL:0) (asyncoremt:0x00007FFB68240000) ( 0xfae7d100, 0xfaf311d0, 0xfaf33ee0, 0xfaf18310 ) 
0x00007FFB682720FE	NULL (NULL:0) (asyncoremt:0x00007FFB68240000) ( 0xfaf311d0, 0xfaf33ee0, 0xfae7d158, 0x67f8b9e3 ) 
0x00007FFB68271E6A	NULL (NULL:0) (asyncoremt:0x00007FFB68240000) ( 0xf90f08b0, 0x0, 0xfaf33ee0, 0x0 ) 
0x00007FFB6827224F	NULL (NULL:0) (asyncoremt:0x00007FFB68240000) ( 0xfaf18310, 0xf6971110, 0xf6971110, 0x0 ) 
0x00007FFB7ADC829D	NULL (NULL:0) (ucrtbase:0x00007FFB7AD60000) ( 0x7adc8240, 0xf6971110, 0x0, 0x0 ) 
0x00007FFB840C2D92	NULL (NULL:0) (KERNEL32:0x00007FFB840B0000) ( 0x840c2d70, 0x0, 0x0, 0x0 ) 

Thread 5344
=====================
0x00007FFB8659386A	NULL (NULL:0) (ntdll:0x00007FFB86500000) ( 0xfc8fe4e0, 0x67f8ebdd, 0x10, 0xf90f6170 ) 
0x00007FFB83A0415F	NULL (NULL:0) (KERNELBASE:0x00007FFB839E0000) ( 0xf68aeef8, 0x8c7f8c78, 0x0, 0x480 ) 
0x00007FFB6803E5B9	NULL (NULL:0) (baselibmt:0x00007FFB68010000) ( 0x0, 0xf6971e01, 0xf90f0a38, 0x40 ) 
0x00007FFB680F1DE5	NULL (NULL:0) (baselibmt:0x00007FFB68010000) ( 0x0, 0x7adc8200, 0xf68aeee0, 0x7fffffff ) 
0x00007FFB7ADC829D	NULL (NULL:0) (ucrtbase:0x00007FFB7AD60000) ( 0x7adc8240, 0xf6971e60, 0x0, 0x0 ) 
0x00007FFB840C2D92	NULL (NULL:0) (KERNEL32:0x00007FFB840B0000) ( 0x840c2d70, 0x0, 0x0, 0x0 ) 

Thread 1072
=====================
0x00007FFB8659538A	NULL (NULL:0) (ntdll:0x00007FFB86500000) ( 0x86539110, 0x86539110, 0xfac53eb0, 0x3 ) 
0x00007FFB865393A5	NULL (NULL:0) (ntdll:0x00007FFB86500000) ( 0x0, 0x86539110, 0xfac53eb0, 0x0 ) 
0x00007FFB840C2D92	NULL (NULL:0) (KERNEL32:0x00007FFB840B0000) ( 0x840c2d70, 0x0, 0x0, 0x0 ) 

Thread 5336
=====================
0x00007FFB8659538A	NULL (NULL:0) (ntdll:0x00007FFB86500000) ( 0x4, 0x8653b770, 0x10, 0xff462070 ) 
0x00007FFB865393A5	NULL (NULL:0) (ntdll:0x00007FFB86500000) ( 0x0, 0x86539110, 0xf68d6790, 0x0 ) 
0x00007FFB840C2D92	NULL (NULL:0) (KERNEL32:0x00007FFB840B0000) ( 0x840c2d70, 0x0, 0x0, 0x0 ) 

Thread 4464
=====================
0x00007FFB86593B6A	NULL (NULL:0) (ntdll:0x00007FFB86500000) ( 0xfea3fc08, 0xfaede750, 0x0, 0x8652a9b9 ) 
0x00007FFB83A13777	NULL (NULL:0) (KERNELBASE:0x00007FFB839E0000) ( 0xfae7d100, 0x0, 0x0, 0x0 ) 
0x00007FF79D57E0A9	NULL (NULL:0) (xtop:0x00007FF79CB20000) ( 0xfae7d100, 0x1, 0xffffffff, 0x67f8cb72 ) 
0x00007FFB682720FE	NULL (NULL:0) (asyncoremt:0x00007FFB68240000) ( 0xfae90660, 0xfc851b40, 0xfae7d158, 0x2 ) 
0x00007FFB68271E6A	NULL (NULL:0) (asyncoremt:0x00007FFB68240000) ( 0xf90f08b0, 0x0, 0xfc851b40, 0x0 ) 
0x00007FFB6827224F	NULL (NULL:0) (asyncoremt:0x00007FFB68240000) ( 0xfaf173c0, 0xfaca48f0, 0xfaca48f0, 0x0 ) 
0x00007FFB7ADC829D	NULL (NULL:0) (ucrtbase:0x00007FFB7AD60000) ( 0x7adc8240, 0xfaca48f0, 0x0, 0x0 ) 
0x00007FFB840C2D92	NULL (NULL:0) (KERNEL32:0x00007FFB840B0000) ( 0x840c2d70, 0x0, 0x0, 0x0 ) 

Thread 1132
=====================
0x00007FFB86593DDA	NULL (NULL:0) (ntdll:0x00007FFB86500000) ( 0x0, 0x0, 0x0, 0x86509f30 ) 
0x00007FFB83A2918F	NULL (NULL:0) (KERNELBASE:0x00007FFB839E0000) ( 0x0, 0x0, 0xa2cf1160, 0x0 ) 
0x00007FFB83A2908E	NULL (NULL:0) (KERNELBASE:0x00007FFB839E0000) ( 0x0, 0x0, 0x0, 0x0 ) 
0x00007FF7A2CF11A6	NULL (NULL:0) (xtop:0x00007FF79CB20000) ( 0x0, 0x0, 0x0, 0x0 ) 
0x00007FFB840C2D92	NULL (NULL:0) (KERNEL32:0x00007FFB840B0000) ( 0x840c2d70, 0x0, 0x0, 0x0 ) 

Thread 5480
=====================
0x00007FFB8659538A	NULL (NULL:0) (ntdll:0x00007FFB86500000) ( 0x8650b250, 0x8650b250, 0x10, 0xff513930 ) 
0x00007FFB865393A5	NULL (NULL:0) (ntdll:0x00007FFB86500000) ( 0x0, 0x86539110, 0xf6884d60, 0x0 ) 
0x00007FFB840C2D92	NULL (NULL:0) (KERNEL32:0x00007FFB840B0000) ( 0x840c2d70, 0x0, 0x0, 0x0 ) 

Thread 3568
=====================
0x00007FFB8659386A	NULL (NULL:0) (ntdll:0x00007FFB86500000) ( 0x0, 0xfae95750, 0xf90f0000, 0xfae95760 ) 
0x00007FFB83A0415F	NULL (NULL:0) (KERNELBASE:0x00007FFB839E0000) ( 0xfae7d158, 0x67f8b52b, 0x0, 0x978 ) 
0x00007FFB6803E5E5	NULL (NULL:0) (baselibmt:0x00007FFB68010000) ( 0xfae7d158, 0xfaee28a0, 0xfae7d158, 0x67f8b9e3 ) 
0x00007FFB68271F55	NULL (NULL:0) (asyncoremt:0x00007FFB68240000) ( 0xf90f08b0, 0x0, 0x81dfb710, 0x0 ) 
0x00007FFB6827224F	NULL (NULL:0) (asyncoremt:0x00007FFB68240000) ( 0xfaf180e0, 0xff52e130, 0xff52e130, 0x0 ) 
0x00007FFB7ADC829D	NULL (NULL:0) (ucrtbase:0x00007FFB7AD60000) ( 0x7adc8240, 0xff52e130, 0x0, 0x0 ) 
0x00007FFB840C2D92	NULL (NULL:0) (KERNEL32:0x00007FFB840B0000) ( 0x840c2d70, 0x0, 0x0, 0x0 ) 

Thread 3580
=====================
0x00007FFB86593DDA	NULL (NULL:0) (ntdll:0x00007FFB86500000) ( 0xf68c6ff8, 0x83ed3727, 0x104, 0xc ) 
0x00007FFB83A2918F	NULL (NULL:0) (KERNELBASE:0x00007FFB839E0000) ( 0x0, 0x83a2ef5c, 0x64e7b5d0, 0x655805f0 ) 
0x00007FFB83A2908E	NULL (NULL:0) (KERNELBASE:0x00007FFB839E0000) ( 0x0, 0x0, 0x0, 0x0 ) 
0x00007FFB64E7B753	NULL (NULL:0) (ig9icd64:0x00007FFB648F0000) ( 0x64e7b5d0, 0x0, 0x0, 0x0 ) 
0x00007FFB840C2D92	NULL (NULL:0) (KERNEL32:0x00007FFB840B0000) ( 0x840c2d70, 0x0, 0x0, 0x0 ) 

Thread 3576
=====================
0x00007FFB8659538A	NULL (NULL:0) (ntdll:0x00007FFB86500000) ( 0x86539110, 0x86539110, 0xfacbdf60, 0x3 ) 
0x00007FFB865393A5	NULL (NULL:0) (ntdll:0x00007FFB86500000) ( 0x0, 0x86539110, 0xfacbdf60, 0x0 ) 
0x00007FFB840C2D92	NULL (NULL:0) (KERNEL32:0x00007FFB840B0000) ( 0x840c2d70, 0x0, 0x0, 0x0 ) 

Thread 2880
=====================
0x00007FFB8659538A	NULL (NULL:0) (ntdll:0x00007FFB86500000) ( 0x86539110, 0x86539110, 0xfacbdf60, 0x3 ) 
0x00007FFB865393A5	NULL (NULL:0) (ntdll:0x00007FFB86500000) ( 0x0, 0x86539110, 0xfacbdf60, 0x0 ) 
0x00007FFB840C2D92	NULL (NULL:0) (KERNEL32:0x00007FFB840B0000) ( 0x840c2d70, 0x0, 0x0, 0x0 ) 

Thread 32
=====================
0x00007FFB8659538A	NULL (NULL:0) (ntdll:0x00007FFB86500000) ( 0x86539110, 0x86539110, 0xfacbdf60, 0x3 ) 
0x00007FFB865393A5	NULL (NULL:0) (ntdll:0x00007FFB86500000) ( 0x0, 0x86539110, 0xfacbdf60, 0x0 ) 
0x00007FFB840C2D92	NULL (NULL:0) (KERNEL32:0x00007FFB840B0000) ( 0x840c2d70, 0x0, 0x0, 0x0 ) 

Thread 2872
=====================
0x00007FFB8659538A	NULL (NULL:0) (ntdll:0x00007FFB86500000) ( 0x86539110, 0x86539110, 0xfacbdf60, 0x3 ) 
0x00007FFB865393A5	NULL (NULL:0) (ntdll:0x00007FFB86500000) ( 0x0, 0x86539110, 0xfacbdf60, 0x0 ) 
0x00007FFB840C2D92	NULL (NULL:0) (KERNEL32:0x00007FFB840B0000) ( 0x840c2d70, 0x0, 0x0, 0x0 ) 

Thread 2896
=====================
0x00007FFB86593A4A	NULL (NULL:0) (ntdll:0x00007FFB86500000) ( 0x0, 0x802a6b10, 0x0, 0x2 ) 
0x00007FFB802929DD	NULL (NULL:0) (DWMAPI:0x00007FFB80290000) ( 0x802a6b10, 0x80263001, 0x8000000c, 0x80292930 ) 
0x00007FFB80292591	NULL (NULL:0) (DWMAPI:0x00007FFB80290000) ( 0x0, 0x0, 0x0, 0x0 ) 
0x00007FFB80291C3F	NULL (NULL:0) (DWMAPI:0x00007FFB80290000) ( 0x0, 0x8000000c, 0x64e6d2a0, 0x9e4 ) 
0x00007FFB64E6D2DA	NULL (NULL:0) (ig9icd64:0x00007FFB648F0000) ( 0x0, 0x0, 0x0, 0x0 ) 
0x00007FFB840C2D92	NULL (NULL:0) (KERNEL32:0x00007FFB840B0000) ( 0x840c2d70, 0x0, 0x0, 0x0 ) 

Thread 2700
=====================
0x00007FFB8659386A	NULL (NULL:0) (ntdll:0x00007FFB86500000) ( 0xfc8fe810, 0x67f8ebdd, 0x10, 0xf90f6170 ) 
0x00007FFB83A0415F	NULL (NULL:0) (KERNELBASE:0x00007FFB839E0000) ( 0x9357a188, 0x8c7f8c78, 0x0, 0xa3c ) 
0x00007FFB6803E5B9	NULL (NULL:0) (baselibmt:0x00007FFB68010000) ( 0x0, 0x93908201, 0xf90f0a38, 0x40 ) 
0x00007FFB680F1DE5	NULL (NULL:0) (baselibmt:0x00007FFB68010000) ( 0x0, 0x7adc8200, 0x9357a170, 0x7fffffff ) 
0x00007FFB7ADC829D	NULL (NULL:0) (ucrtbase:0x00007FFB7AD60000) ( 0x7adc8240, 0x93908210, 0x0, 0x0 ) 
0x00007FFB840C2D92	NULL (NULL:0) (KERNEL32:0x00007FFB840B0000) ( 0x840c2d70, 0x0, 0x0, 0x0 ) 

Thread 6036
=====================
0x00007FFB8659386A	NULL (NULL:0) (ntdll:0x00007FFB86500000) ( 0xfc8fe4e0, 0x67f8ebdd, 0x10, 0xf90f6170 ) 
0x00007FFB83A0415F	NULL (NULL:0) (KERNELBASE:0x00007FFB839E0000) ( 0x9357a208, 0x9d3f4be0, 0x0, 0xc54 ) 
0x00007FFB6803E5B9	NULL (NULL:0) (baselibmt:0x00007FFB68010000) ( 0x0, 0x93908701, 0xf90f0a38, 0x40 ) 
0x00007FFB680F1DE5	NULL (NULL:0) (baselibmt:0x00007FFB68010000) ( 0x0, 0x7adc8200, 0x9357a1f0, 0x7fffffff ) 
0x00007FFB7ADC829D	NULL (NULL:0) (ucrtbase:0x00007FFB7AD60000) ( 0x7adc8240, 0x939087b0, 0x0, 0x0 ) 
0x00007FFB840C2D92	NULL (NULL:0) (KERNEL32:0x00007FFB840B0000) ( 0x840c2d70, 0x0, 0x0, 0x0 ) 

Thread 5692
=====================
0x00007FFB8659386A	NULL (NULL:0) (ntdll:0x00007FFB86500000) ( 0x0, 0xb5cafc80, 0x1, 0x68250daa ) 
0x00007FFB83A0415F	NULL (NULL:0) (KERNELBASE:0x00007FFB839E0000) ( 0x682d4040, 0x0, 0x0, 0x2b0 ) 
0x00007FFB6803E5B9	NULL (NULL:0) (baselibmt:0x00007FFB68010000) ( 0x89e714b0, 0x1, 0x0, 0x89e714b0 ) 
0x00007FFB68275E28	NULL (NULL:0) (asyncoremt:0x00007FFB68240000) ( 0x1, 0x0, 0x93908800, 0x0 ) 
0x00007FFB680F1BB2	NULL (NULL:0) (baselibmt:0x00007FFB68010000) ( 0x0, 0x7adc8200, 0xff63a930, 0x0 ) 
0x00007FFB7ADC829D	NULL (NULL:0) (ucrtbase:0x00007FFB7AD60000) ( 0x7adc8240, 0x939088d0, 0x0, 0x0 ) 
0x00007FFB840C2D92	NULL (NULL:0) (KERNEL32:0x00007FFB840B0000) ( 0x840c2d70, 0x0, 0x0, 0x0 ) 

Thread 5308
=====================
0x00007FFB8659386A	NULL (NULL:0) (ntdll:0x00007FFB86500000) ( 0x0, 0xfae94fd0, 0xf90f0000, 0xfae94fe0 ) 
0x00007FFB83A0415F	NULL (NULL:0) (KERNELBASE:0x00007FFB839E0000) ( 0xfae7d158, 0x67f8b52b, 0x0, 0xc50 ) 
0x00007FFB6803E5E5	NULL (NULL:0) (baselibmt:0x00007FFB68010000) ( 0xfae7d158, 0xfaee2bc0, 0xfae7d158, 0x67f8b9e3 ) 
0x00007FFB68271F55	NULL (NULL:0) (asyncoremt:0x00007FFB68240000) ( 0xf90f08b0, 0x0, 0x9cf45c30, 0x0 ) 
0x00007FFB6827224F	NULL (NULL:0) (asyncoremt:0x00007FFB68240000) ( 0xfaf18930, 0xff52ab00, 0xff52ab00, 0x0 ) 
0x00007FFB7ADC829D	NULL (NULL:0) (ucrtbase:0x00007FFB7AD60000) ( 0x7adc8240, 0xff52ab00, 0x0, 0x0 ) 
0x00007FFB840C2D92	NULL (NULL:0) (KERNEL32:0x00007FFB840B0000) ( 0x840c2d70, 0x0, 0x0, 0x0 ) 

Thread 4624
=====================
0x00007FFB8659386A	NULL (NULL:0) (ntdll:0x00007FFB86500000) ( 0x0, 0xfae93dd0, 0xf90f0000, 0xfae93de0 ) 
0x00007FFB83A0415F	NULL (NULL:0) (KERNELBASE:0x00007FFB839E0000) ( 0xfae7d158, 0x67f8b52b, 0x0, 0xbd0 ) 
0x00007FFB6803E5E5	NULL (NULL:0) (baselibmt:0x00007FFB68010000) ( 0xfae7d158, 0xfaee3520, 0xfae7d158, 0x67f8b9e3 ) 
0x00007FFB68271F55	NULL (NULL:0) (asyncoremt:0x00007FFB68240000) ( 0xf90f08b0, 0x0, 0x83fc9010, 0x0 ) 
0x00007FFB6827224F	NULL (NULL:0) (asyncoremt:0x00007FFB68240000) ( 0xfaf18a80, 0xff52af80, 0xff52af80, 0x0 ) 
0x00007FFB7ADC829D	NULL (NULL:0) (ucrtbase:0x00007FFB7AD60000) ( 0x7adc8240, 0xff52af80, 0x0, 0x0 ) 
0x00007FFB840C2D92	NULL (NULL:0) (KERNEL32:0x00007FFB840B0000) ( 0x840c2d70, 0x0, 0x0, 0x0 ) 

Thread 5872
=====================
0x00007FFB86593B6A	NULL (NULL:0) (ntdll:0x00007FFB86500000) ( 0xb6c0f858, 0x68cc13fd, 0x0, 0x0 ) 
0x00007FFB83A13777	NULL (NULL:0) (KERNELBASE:0x00007FFB839E0000) ( 0x0, 0x0, 0x0, 0x0 ) 
0x00007FFB66CB2309	NULL (NULL:0) (exitlogger_app_sh:0x00007FFB66CB0000) ( 0x3c, 0x12c, 0x0, 0x0 ) 
0x00007FFB680F1BB2	NULL (NULL:0) (baselibmt:0x00007FFB68010000) ( 0x0, 0x7adc8200, 0x93af74e0, 0x0 ) 
0x00007FFB7ADC829D	NULL (NULL:0) (ucrtbase:0x00007FFB7AD60000) ( 0x7adc8240, 0xff52ab60, 0x0, 0x0 ) 
0x00007FFB840C2D92	NULL (NULL:0) (KERNEL32:0x00007FFB840B0000) ( 0x840c2d70, 0x0, 0x0, 0x0 ) 

Thread 6120
=====================
0x00007FFB8659386A	NULL (NULL:0) (ntdll:0x00007FFB86500000) ( 0x0, 0xfae952d0, 0xf90f0000, 0xfae952e0 ) 
0x00007FFB83A0415F	NULL (NULL:0) (KERNELBASE:0x00007FFB839E0000) ( 0xfae7d158, 0x67f8b52b, 0x0, 0xbc4 ) 
0x00007FFB6803E5E5	NULL (NULL:0) (baselibmt:0x00007FFB68010000) ( 0xfae7d158, 0xfaee3250, 0xfae7d158, 0x67f8b9e3 ) 
0x00007FFB68271F55	NULL (NULL:0) (asyncoremt:0x00007FFB68240000) ( 0xf90f08b0, 0x0, 0x89d4c4b0, 0x0 ) 
0x00007FFB6827224F	NULL (NULL:0) (asyncoremt:0x00007FFB68240000) ( 0xfaf18a10, 0xff52b610, 0xff52b610, 0x0 ) 
0x00007FFB7ADC829D	NULL (NULL:0) (ucrtbase:0x00007FFB7AD60000) ( 0x7adc8240, 0xff52b610, 0x0, 0x0 ) 
0x00007FFB840C2D92	NULL (NULL:0) (KERNEL32:0x00007FFB840B0000) ( 0x840c2d70, 0x0, 0x0, 0x0 ) 

Thread 1836
=====================
0x00007FFB8659538A	NULL (NULL:0) (ntdll:0x00007FFB86500000) ( 0x4, 0x8653b770, 0x10, 0xf6895d60 ) 
0x00007FFB865393A5	NULL (NULL:0) (ntdll:0x00007FFB86500000) ( 0x0, 0x86539110, 0xf68d6790, 0x0 ) 
0x00007FFB840C2D92	NULL (NULL:0) (KERNEL32:0x00007FFB840B0000) ( 0x840c2d70, 0x0, 0x0, 0x0 ) 
